2021-09-26 09:40:04.697  INFO 13956 --- [main] c.t.n.s.SpringBootSecurityJwtApplication : Starting SpringBootSecurityJwtApplication on LAPTOP-ESCSDSCQ with PID 13956 (C:\Users\ravi.gour\GitYV\ncc-portal\target\classes started by ravi.gour in C:\Users\ravi.gour\GitYV\ncc-portal)
2021-09-26 09:40:04.697  INFO 13956 --- [main] c.t.n.s.SpringBootSecurityJwtApplication : No active profile set, falling back to default profiles: default
2021-09-26 09:40:08.747  INFO 13956 --- [main] .s.d.r.c.RepositoryConfigurationDelegate : Bootstrapping Spring Data repositories in DEFAULT mode.
2021-09-26 09:40:08.883  INFO 13956 --- [main] .s.d.r.c.RepositoryConfigurationDelegate : Finished Spring Data repository scanning in 115ms. Found 2 repository interfaces.
2021-09-26 09:40:09.885  INFO 13956 --- [main] trationDelegate$BeanPostProcessorChecker : Bean 'org.springframework.transaction.annotation.ProxyTransactionManagementConfiguration' of type [org.springframework.transaction.annotation.ProxyTransactionManagementConfiguration$$EnhancerBySpringCGLIB$$27c83ae3] is not eligible for getting processed by all BeanPostProcessors (for example: not eligible for auto-proxying)
2021-09-26 09:40:11.022  INFO 13956 --- [main] o.s.b.w.embedded.tomcat.TomcatWebServer  : Tomcat initialized with port(s): 8080 (http)
2021-09-26 09:40:11.238  INFO 13956 --- [main] o.apache.catalina.core.StandardService   : Starting service [Tomcat]
2021-09-26 09:40:11.238  INFO 13956 --- [main] org.apache.catalina.core.StandardEngine  : Starting Servlet engine: [Apache Tomcat/9.0.24]
2021-09-26 09:40:11.554  INFO 13956 --- [main] o.a.c.c.C.[.[localhost].[/nccportal]     : Initializing Spring embedded WebApplicationContext
2021-09-26 09:40:11.554  INFO 13956 --- [main] o.s.web.context.ContextLoader            : Root WebApplicationContext: initialization completed in 6695 ms
2021-09-26 09:40:12.610  INFO 13956 --- [main] com.zaxxer.hikari.HikariDataSource       : HikariPool-1 - Starting...
2021-09-26 09:40:16.028  INFO 13956 --- [main] com.zaxxer.hikari.HikariDataSource       : HikariPool-1 - Start completed.
2021-09-26 09:40:29.238  INFO 13956 --- [main] j.LocalContainerEntityManagerFactoryBean : Initialized JPA EntityManagerFactory for persistence unit 'default'
2021-09-26 09:40:31.037  WARN 13956 --- [main] aWebConfiguration$JpaWebMvcConfiguration : spring.jpa.open-in-view is enabled by default. Therefore, database queries may be performed during view rendering. Explicitly configure spring.jpa.open-in-view to disable this warning
2021-09-26 09:40:31.381  INFO 13956 --- [main] o.s.b.a.e.web.EndpointLinksResolver      : Exposing 8 endpoint(s) beneath base path '/actuator'
2021-09-26 09:40:31.694  INFO 13956 --- [main] pertySourcedRequestMappingHandlerMapping : Mapped URL path [/v2/api-docs] onto method [public org.springframework.http.ResponseEntity<springfox.documentation.spring.web.json.Json> springfox.documentation.swagger2.web.Swagger2Controller.getDocumentation(java.lang.String,javax.servlet.http.HttpServletRequest)]
2021-09-26 09:40:31.997  INFO 13956 --- [main] o.s.s.concurrent.ThreadPoolTaskExecutor  : Initializing ExecutorService 'applicationTaskExecutor'
2021-09-26 09:40:32.785  INFO 13956 --- [main] .s.s.UserDetailsServiceAutoConfiguration : 

Using generated security password: 49da8ba9-45ff-4290-aba2-333f57c2a6b1

2021-09-26 09:40:33.290  INFO 13956 --- [main] o.s.s.web.DefaultSecurityFilterChain     : Creating filter chain: any request, [org.springframework.security.web.context.request.async.WebAsyncManagerIntegrationFilter@5f9ccd0c, org.springframework.security.web.context.SecurityContextPersistenceFilter@49c13ecd, org.springframework.security.web.header.HeaderWriterFilter@2c978637, org.springframework.security.web.csrf.CsrfFilter@48333b12, org.springframework.security.web.authentication.logout.LogoutFilter@41581c3f, org.springframework.security.web.authentication.UsernamePasswordAuthenticationFilter@59d0fac9, org.springframework.security.web.authentication.ui.DefaultLoginPageGeneratingFilter@62c6db99, org.springframework.security.web.authentication.ui.DefaultLogoutPageGeneratingFilter@6738e8b2, org.springframework.security.web.authentication.www.BasicAuthenticationFilter@6e8aea7e, org.springframework.security.web.savedrequest.RequestCacheAwareFilter@482942d8, org.springframework.security.web.servletapi.SecurityContextHolderAwareRequestFilter@2c465259, org.springframework.security.web.authentication.AnonymousAuthenticationFilter@609ad016, org.springframework.security.web.session.SessionManagementFilter@440461ef, org.springframework.security.web.access.ExceptionTranslationFilter@24a7d3d3, org.springframework.security.web.access.intercept.FilterSecurityInterceptor@541897c6]
2021-09-26 09:40:33.452  INFO 13956 --- [main] d.s.w.p.DocumentationPluginsBootstrapper : Context refreshed
2021-09-26 09:40:33.503  INFO 13956 --- [main] d.s.w.p.DocumentationPluginsBootstrapper : Found 1 custom documentation plugin(s)
2021-09-26 09:40:33.573  INFO 13956 --- [main] s.d.s.w.s.ApiListingReferenceScanner     : Scanning for api listing references
2021-09-26 09:40:34.057  INFO 13956 --- [main] o.s.b.w.embedded.tomcat.TomcatWebServer  : Tomcat started on port(s): 8080 (http) with context path '/nccportal'
2021-09-26 09:40:34.067  INFO 13956 --- [main] c.t.n.s.SpringBootSecurityJwtApplication : Started SpringBootSecurityJwtApplication in 30.361 seconds (JVM running for 31.279)
2021-09-26 09:41:13.242  INFO 13956 --- [http-nio-8080-exec-1] o.a.c.c.C.[.[localhost].[/nccportal]     : Initializing Spring DispatcherServlet 'dispatcherServlet'
2021-09-26 09:41:13.243  INFO 13956 --- [http-nio-8080-exec-1] o.s.web.servlet.DispatcherServlet        : Initializing Servlet 'dispatcherServlet'
2021-09-26 09:41:13.280  INFO 13956 --- [http-nio-8080-exec-1] o.s.web.servlet.DispatcherServlet        : Completed initialization in 36 ms
2021-09-26 09:47:09.190  INFO 4876 --- [main] c.t.n.s.SpringBootSecurityJwtApplication : Starting SpringBootSecurityJwtApplication on LAPTOP-ESCSDSCQ with PID 4876 (C:\Users\ravi.gour\GitYV\ncc-portal\target\classes started by ravi.gour in C:\Users\ravi.gour\GitYV\ncc-portal)
2021-09-26 09:47:09.197  INFO 4876 --- [main] c.t.n.s.SpringBootSecurityJwtApplication : No active profile set, falling back to default profiles: default
2021-09-26 09:47:13.147  INFO 4876 --- [main] .s.d.r.c.RepositoryConfigurationDelegate : Bootstrapping Spring Data repositories in DEFAULT mode.
2021-09-26 09:47:13.333  INFO 4876 --- [main] .s.d.r.c.RepositoryConfigurationDelegate : Finished Spring Data repository scanning in 164ms. Found 2 repository interfaces.
2021-09-26 09:47:14.429  INFO 4876 --- [main] trationDelegate$BeanPostProcessorChecker : Bean 'org.springframework.transaction.annotation.ProxyTransactionManagementConfiguration' of type [org.springframework.transaction.annotation.ProxyTransactionManagementConfiguration$$EnhancerBySpringCGLIB$$5b9f5a2d] is not eligible for getting processed by all BeanPostProcessors (for example: not eligible for auto-proxying)
2021-09-26 09:47:15.560  INFO 4876 --- [main] o.s.b.w.embedded.tomcat.TomcatWebServer  : Tomcat initialized with port(s): 8080 (http)
2021-09-26 09:47:15.634  INFO 4876 --- [main] o.apache.catalina.core.StandardService   : Starting service [Tomcat]
2021-09-26 09:47:15.636  INFO 4876 --- [main] org.apache.catalina.core.StandardEngine  : Starting Servlet engine: [Apache Tomcat/9.0.24]
2021-09-26 09:47:16.189  INFO 4876 --- [main] o.a.c.c.C.[.[localhost].[/nccportal]     : Initializing Spring embedded WebApplicationContext
2021-09-26 09:47:16.190  INFO 4876 --- [main] o.s.web.context.ContextLoader            : Root WebApplicationContext: initialization completed in 6836 ms
2021-09-26 09:47:18.927  INFO 4876 --- [main] com.zaxxer.hikari.HikariDataSource       : HikariPool-1 - Starting...
2021-09-26 09:47:22.558  INFO 4876 --- [main] com.zaxxer.hikari.HikariDataSource       : HikariPool-1 - Start completed.
2021-09-26 09:47:36.911  INFO 4876 --- [main] j.LocalContainerEntityManagerFactoryBean : Initialized JPA EntityManagerFactory for persistence unit 'default'
2021-09-26 09:47:39.126  WARN 4876 --- [main] aWebConfiguration$JpaWebMvcConfiguration : spring.jpa.open-in-view is enabled by default. Therefore, database queries may be performed during view rendering. Explicitly configure spring.jpa.open-in-view to disable this warning
2021-09-26 09:47:39.781  INFO 4876 --- [main] o.s.b.a.e.web.EndpointLinksResolver      : Exposing 8 endpoint(s) beneath base path '/actuator'
2021-09-26 09:47:40.290  INFO 4876 --- [main] pertySourcedRequestMappingHandlerMapping : Mapped URL path [/v2/api-docs] onto method [public org.springframework.http.ResponseEntity<springfox.documentation.spring.web.json.Json> springfox.documentation.swagger2.web.Swagger2Controller.getDocumentation(java.lang.String,javax.servlet.http.HttpServletRequest)]
2021-09-26 09:47:40.873  INFO 4876 --- [main] o.s.s.concurrent.ThreadPoolTaskExecutor  : Initializing ExecutorService 'applicationTaskExecutor'
2021-09-26 09:47:41.925  INFO 4876 --- [main] d.s.w.p.DocumentationPluginsBootstrapper : Context refreshed
2021-09-26 09:47:42.013  INFO 4876 --- [main] d.s.w.p.DocumentationPluginsBootstrapper : Found 1 custom documentation plugin(s)
2021-09-26 09:47:42.141  INFO 4876 --- [main] s.d.s.w.s.ApiListingReferenceScanner     : Scanning for api listing references
2021-09-26 09:47:42.907  INFO 4876 --- [main] o.s.b.w.embedded.tomcat.TomcatWebServer  : Tomcat started on port(s): 8080 (http) with context path '/nccportal'
2021-09-26 09:47:42.930  INFO 4876 --- [main] c.t.n.s.SpringBootSecurityJwtApplication : Started SpringBootSecurityJwtApplication in 34.891 seconds (JVM running for 35.678)
2021-09-26 09:49:15.613  INFO 4876 --- [http-nio-8080-exec-1] o.a.c.c.C.[.[localhost].[/nccportal]     : Initializing Spring DispatcherServlet 'dispatcherServlet'
2021-09-26 09:49:15.614  INFO 4876 --- [http-nio-8080-exec-1] o.s.web.servlet.DispatcherServlet        : Initializing Servlet 'dispatcherServlet'
2021-09-26 09:49:15.654  INFO 4876 --- [http-nio-8080-exec-1] o.s.web.servlet.DispatcherServlet        : Completed initialization in 39 ms
2021-09-26 09:50:07.445 ERROR 4876 --- [http-nio-8080-exec-4] o.a.c.c.C.[.[.[.[dispatcherServlet]      : Servlet.service() for servlet [dispatcherServlet] in context with path [/nccportal] threw exception [Request processing failed; nested exception is java.lang.NullPointerException] with root cause

java.lang.NullPointerException: null
	at com.tyv.ncc.springjwt.service.ServicesService.createNewService(ServicesService.java:35) ~[classes/:na]
	at com.tyv.ncc.springjwt.controllers.ServiceController.registerService(ServiceController.java:40) ~[classes/:na]
	at sun.reflect.NativeMethodAccessorImpl.invoke0(Native Method) ~[na:1.8.0_231]
	at sun.reflect.NativeMethodAccessorImpl.invoke(NativeMethodAccessorImpl.java:62) ~[na:1.8.0_231]
	at sun.reflect.DelegatingMethodAccessorImpl.invoke(DelegatingMethodAccessorImpl.java:43) ~[na:1.8.0_231]
	at java.lang.reflect.Method.invoke(Method.java:498) ~[na:1.8.0_231]
	at org.springframework.web.method.support.InvocableHandlerMethod.doInvoke(InvocableHandlerMethod.java:190) ~[spring-web-5.1.9.RELEASE.jar:5.1.9.RELEASE]
	at org.springframework.web.method.support.InvocableHandlerMethod.invokeForRequest(InvocableHandlerMethod.java:138) ~[spring-web-5.1.9.RELEASE.jar:5.1.9.RELEASE]
	at org.springframework.web.servlet.mvc.method.annotation.ServletInvocableHandlerMethod.invokeAndHandle(ServletInvocableHandlerMethod.java:104) ~[spring-webmvc-5.1.9.RELEASE.jar:5.1.9.RELEASE]
	at org.springframework.web.servlet.mvc.method.annotation.RequestMappingHandlerAdapter.invokeHandlerMethod(RequestMappingHandlerAdapter.java:892) ~[spring-webmvc-5.1.9.RELEASE.jar:5.1.9.RELEASE]
	at org.springframework.web.servlet.mvc.method.annotation.RequestMappingHandlerAdapter.handleInternal(RequestMappingHandlerAdapter.java:797) ~[spring-webmvc-5.1.9.RELEASE.jar:5.1.9.RELEASE]
	at org.springframework.web.servlet.mvc.method.AbstractHandlerMethodAdapter.handle(AbstractHandlerMethodAdapter.java:87) ~[spring-webmvc-5.1.9.RELEASE.jar:5.1.9.RELEASE]
	at org.springframework.web.servlet.DispatcherServlet.doDispatch(DispatcherServlet.java:1039) ~[spring-webmvc-5.1.9.RELEASE.jar:5.1.9.RELEASE]
	at org.springframework.web.servlet.DispatcherServlet.doService(DispatcherServlet.java:942) ~[spring-webmvc-5.1.9.RELEASE.jar:5.1.9.RELEASE]
	at org.springframework.web.servlet.FrameworkServlet.processRequest(FrameworkServlet.java:1005) ~[spring-webmvc-5.1.9.RELEASE.jar:5.1.9.RELEASE]
	at org.springframework.web.servlet.FrameworkServlet.doPost(FrameworkServlet.java:908) ~[spring-webmvc-5.1.9.RELEASE.jar:5.1.9.RELEASE]
	at javax.servlet.http.HttpServlet.service(HttpServlet.java:660) ~[tomcat-embed-core-9.0.24.jar:9.0.24]
	at org.springframework.web.servlet.FrameworkServlet.service(FrameworkServlet.java:882) ~[spring-webmvc-5.1.9.RELEASE.jar:5.1.9.RELEASE]
	at javax.servlet.http.HttpServlet.service(HttpServlet.java:741) ~[tomcat-embed-core-9.0.24.jar:9.0.24]
	at org.apache.catalina.core.ApplicationFilterChain.internalDoFilter(ApplicationFilterChain.java:231) ~[tomcat-embed-core-9.0.24.jar:9.0.24]
	at org.apache.catalina.core.ApplicationFilterChain.doFilter(ApplicationFilterChain.java:166) ~[tomcat-embed-core-9.0.24.jar:9.0.24]
	at org.apache.tomcat.websocket.server.WsFilter.doFilter(WsFilter.java:53) ~[tomcat-embed-websocket-9.0.24.jar:9.0.24]
	at org.apache.catalina.core.ApplicationFilterChain.internalDoFilter(ApplicationFilterChain.java:193) ~[tomcat-embed-core-9.0.24.jar:9.0.24]
	at org.apache.catalina.core.ApplicationFilterChain.doFilter(ApplicationFilterChain.java:166) ~[tomcat-embed-core-9.0.24.jar:9.0.24]
	at org.springframework.boot.actuate.web.trace.servlet.HttpTraceFilter.doFilterInternal(HttpTraceFilter.java:88) ~[spring-boot-actuator-2.1.8.RELEASE.jar:2.1.8.RELEASE]
	at org.springframework.web.filter.OncePerRequestFilter.doFilter(OncePerRequestFilter.java:118) ~[spring-web-5.1.9.RELEASE.jar:5.1.9.RELEASE]
	at org.apache.catalina.core.ApplicationFilterChain.internalDoFilter(ApplicationFilterChain.java:193) ~[tomcat-embed-core-9.0.24.jar:9.0.24]
	at org.apache.catalina.core.ApplicationFilterChain.doFilter(ApplicationFilterChain.java:166) ~[tomcat-embed-core-9.0.24.jar:9.0.24]
	at org.springframework.web.filter.RequestContextFilter.doFilterInternal(RequestContextFilter.java:99) ~[spring-web-5.1.9.RELEASE.jar:5.1.9.RELEASE]
	at org.springframework.web.filter.OncePerRequestFilter.doFilter(OncePerRequestFilter.java:118) ~[spring-web-5.1.9.RELEASE.jar:5.1.9.RELEASE]
	at org.apache.catalina.core.ApplicationFilterChain.internalDoFilter(ApplicationFilterChain.java:193) ~[tomcat-embed-core-9.0.24.jar:9.0.24]
	at org.apache.catalina.core.ApplicationFilterChain.doFilter(ApplicationFilterChain.java:166) ~[tomcat-embed-core-9.0.24.jar:9.0.24]
	at org.springframework.web.filter.FormContentFilter.doFilterInternal(FormContentFilter.java:92) ~[spring-web-5.1.9.RELEASE.jar:5.1.9.RELEASE]
	at org.springframework.web.filter.OncePerRequestFilter.doFilter(OncePerRequestFilter.java:118) ~[spring-web-5.1.9.RELEASE.jar:5.1.9.RELEASE]
	at org.apache.catalina.core.ApplicationFilterChain.internalDoFilter(ApplicationFilterChain.java:193) ~[tomcat-embed-core-9.0.24.jar:9.0.24]
	at org.apache.catalina.core.ApplicationFilterChain.doFilter(ApplicationFilterChain.java:166) ~[tomcat-embed-core-9.0.24.jar:9.0.24]
	at org.springframework.web.filter.HiddenHttpMethodFilter.doFilterInternal(HiddenHttpMethodFilter.java:93) ~[spring-web-5.1.9.RELEASE.jar:5.1.9.RELEASE]
	at org.springframework.web.filter.OncePerRequestFilter.doFilter(OncePerRequestFilter.java:118) ~[spring-web-5.1.9.RELEASE.jar:5.1.9.RELEASE]
	at org.apache.catalina.core.ApplicationFilterChain.internalDoFilter(ApplicationFilterChain.java:193) ~[tomcat-embed-core-9.0.24.jar:9.0.24]
	at org.apache.catalina.core.ApplicationFilterChain.doFilter(ApplicationFilterChain.java:166) ~[tomcat-embed-core-9.0.24.jar:9.0.24]
	at org.springframework.boot.actuate.metrics.web.servlet.WebMvcMetricsFilter.filterAndRecordMetrics(WebMvcMetricsFilter.java:114) ~[spring-boot-actuator-2.1.8.RELEASE.jar:2.1.8.RELEASE]
	at org.springframework.boot.actuate.metrics.web.servlet.WebMvcMetricsFilter.doFilterInternal(WebMvcMetricsFilter.java:104) ~[spring-boot-actuator-2.1.8.RELEASE.jar:2.1.8.RELEASE]
	at org.springframework.web.filter.OncePerRequestFilter.doFilter(OncePerRequestFilter.java:118) ~[spring-web-5.1.9.RELEASE.jar:5.1.9.RELEASE]
	at org.apache.catalina.core.ApplicationFilterChain.internalDoFilter(ApplicationFilterChain.java:193) ~[tomcat-embed-core-9.0.24.jar:9.0.24]
	at org.apache.catalina.core.ApplicationFilterChain.doFilter(ApplicationFilterChain.java:166) ~[tomcat-embed-core-9.0.24.jar:9.0.24]
	at org.springframework.web.filter.CharacterEncodingFilter.doFilterInternal(CharacterEncodingFilter.java:200) ~[spring-web-5.1.9.RELEASE.jar:5.1.9.RELEASE]
	at org.springframework.web.filter.OncePerRequestFilter.doFilter(OncePerRequestFilter.java:118) ~[spring-web-5.1.9.RELEASE.jar:5.1.9.RELEASE]
	at org.apache.catalina.core.ApplicationFilterChain.internalDoFilter(ApplicationFilterChain.java:193) ~[tomcat-embed-core-9.0.24.jar:9.0.24]
	at org.apache.catalina.core.ApplicationFilterChain.doFilter(ApplicationFilterChain.java:166) ~[tomcat-embed-core-9.0.24.jar:9.0.24]
	at org.apache.catalina.core.StandardWrapperValve.invoke(StandardWrapperValve.java:202) ~[tomcat-embed-core-9.0.24.jar:9.0.24]
	at org.apache.catalina.core.StandardContextValve.invoke(StandardContextValve.java:96) [tomcat-embed-core-9.0.24.jar:9.0.24]
	at org.apache.catalina.authenticator.AuthenticatorBase.invoke(AuthenticatorBase.java:526) [tomcat-embed-core-9.0.24.jar:9.0.24]
	at org.apache.catalina.core.StandardHostValve.invoke(StandardHostValve.java:139) [tomcat-embed-core-9.0.24.jar:9.0.24]
	at org.apache.catalina.valves.ErrorReportValve.invoke(ErrorReportValve.java:92) [tomcat-embed-core-9.0.24.jar:9.0.24]
	at org.apache.catalina.core.StandardEngineValve.invoke(StandardEngineValve.java:74) [tomcat-embed-core-9.0.24.jar:9.0.24]
	at org.apache.catalina.connector.CoyoteAdapter.service(CoyoteAdapter.java:343) [tomcat-embed-core-9.0.24.jar:9.0.24]
	at org.apache.coyote.http11.Http11Processor.service(Http11Processor.java:408) [tomcat-embed-core-9.0.24.jar:9.0.24]
	at org.apache.coyote.AbstractProcessorLight.process(AbstractProcessorLight.java:66) [tomcat-embed-core-9.0.24.jar:9.0.24]
	at org.apache.coyote.AbstractProtocol$ConnectionHandler.process(AbstractProtocol.java:860) [tomcat-embed-core-9.0.24.jar:9.0.24]
	at org.apache.tomcat.util.net.NioEndpoint$SocketProcessor.doRun(NioEndpoint.java:1587) [tomcat-embed-core-9.0.24.jar:9.0.24]
	at org.apache.tomcat.util.net.SocketProcessorBase.run(SocketProcessorBase.java:49) [tomcat-embed-core-9.0.24.jar:9.0.24]
	at java.util.concurrent.ThreadPoolExecutor.runWorker(ThreadPoolExecutor.java:1149) [na:1.8.0_231]
	at java.util.concurrent.ThreadPoolExecutor$Worker.run(ThreadPoolExecutor.java:624) [na:1.8.0_231]
	at org.apache.tomcat.util.threads.TaskThread$WrappingRunnable.run(TaskThread.java:61) [tomcat-embed-core-9.0.24.jar:9.0.24]
	at java.lang.Thread.run(Thread.java:748) [na:1.8.0_231]

2021-09-26 09:51:07.870  INFO 20684 --- [main] c.t.n.s.SpringBootSecurityJwtApplication : Starting SpringBootSecurityJwtApplication on LAPTOP-ESCSDSCQ with PID 20684 (C:\Users\ravi.gour\GitYV\ncc-portal\target\classes started by ravi.gour in C:\Users\ravi.gour\GitYV\ncc-portal)
2021-09-26 09:51:07.878  INFO 20684 --- [main] c.t.n.s.SpringBootSecurityJwtApplication : No active profile set, falling back to default profiles: default
2021-09-26 09:51:11.354  INFO 20684 --- [main] .s.d.r.c.RepositoryConfigurationDelegate : Bootstrapping Spring Data repositories in DEFAULT mode.
2021-09-26 09:51:11.525  INFO 20684 --- [main] .s.d.r.c.RepositoryConfigurationDelegate : Finished Spring Data repository scanning in 150ms. Found 2 repository interfaces.
2021-09-26 09:51:12.418  INFO 20684 --- [main] trationDelegate$BeanPostProcessorChecker : Bean 'org.springframework.transaction.annotation.ProxyTransactionManagementConfiguration' of type [org.springframework.transaction.annotation.ProxyTransactionManagementConfiguration$$EnhancerBySpringCGLIB$$35b6c4e2] is not eligible for getting processed by all BeanPostProcessors (for example: not eligible for auto-proxying)
2021-09-26 09:51:13.610  INFO 20684 --- [main] o.s.b.w.embedded.tomcat.TomcatWebServer  : Tomcat initialized with port(s): 8080 (http)
2021-09-26 09:51:13.685  INFO 20684 --- [main] o.apache.catalina.core.StandardService   : Starting service [Tomcat]
2021-09-26 09:51:13.686  INFO 20684 --- [main] org.apache.catalina.core.StandardEngine  : Starting Servlet engine: [Apache Tomcat/9.0.24]
2021-09-26 09:51:14.154  INFO 20684 --- [main] o.a.c.c.C.[.[localhost].[/nccportal]     : Initializing Spring embedded WebApplicationContext
2021-09-26 09:51:14.154  INFO 20684 --- [main] o.s.web.context.ContextLoader            : Root WebApplicationContext: initialization completed in 6127 ms
2021-09-26 09:51:15.166  INFO 20684 --- [main] com.zaxxer.hikari.HikariDataSource       : HikariPool-1 - Starting...
2021-09-26 09:51:18.930  INFO 20684 --- [main] com.zaxxer.hikari.HikariDataSource       : HikariPool-1 - Start completed.
2021-09-26 09:51:33.178  INFO 20684 --- [main] j.LocalContainerEntityManagerFactoryBean : Initialized JPA EntityManagerFactory for persistence unit 'default'
2021-09-26 09:51:34.636  WARN 20684 --- [main] aWebConfiguration$JpaWebMvcConfiguration : spring.jpa.open-in-view is enabled by default. Therefore, database queries may be performed during view rendering. Explicitly configure spring.jpa.open-in-view to disable this warning
2021-09-26 09:51:34.939  INFO 20684 --- [main] o.s.b.a.e.web.EndpointLinksResolver      : Exposing 8 endpoint(s) beneath base path '/actuator'
2021-09-26 09:51:35.142  INFO 20684 --- [main] pertySourcedRequestMappingHandlerMapping : Mapped URL path [/v2/api-docs] onto method [public org.springframework.http.ResponseEntity<springfox.documentation.spring.web.json.Json> springfox.documentation.swagger2.web.Swagger2Controller.getDocumentation(java.lang.String,javax.servlet.http.HttpServletRequest)]
2021-09-26 09:51:35.422  INFO 20684 --- [main] o.s.s.concurrent.ThreadPoolTaskExecutor  : Initializing ExecutorService 'applicationTaskExecutor'
2021-09-26 09:51:36.023  INFO 20684 --- [main] d.s.w.p.DocumentationPluginsBootstrapper : Context refreshed
2021-09-26 09:51:36.077  INFO 20684 --- [main] d.s.w.p.DocumentationPluginsBootstrapper : Found 1 custom documentation plugin(s)
2021-09-26 09:51:36.154  INFO 20684 --- [main] s.d.s.w.s.ApiListingReferenceScanner     : Scanning for api listing references
2021-09-26 09:51:36.529  INFO 20684 --- [main] o.s.b.w.embedded.tomcat.TomcatWebServer  : Tomcat started on port(s): 8080 (http) with context path '/nccportal'
2021-09-26 09:51:36.532  INFO 20684 --- [main] c.t.n.s.SpringBootSecurityJwtApplication : Started SpringBootSecurityJwtApplication in 29.64 seconds (JVM running for 30.472)
2021-09-26 09:51:42.305  INFO 20684 --- [http-nio-8080-exec-1] o.a.c.c.C.[.[localhost].[/nccportal]     : Initializing Spring DispatcherServlet 'dispatcherServlet'
2021-09-26 09:51:42.306  INFO 20684 --- [http-nio-8080-exec-1] o.s.web.servlet.DispatcherServlet        : Initializing Servlet 'dispatcherServlet'
2021-09-26 09:51:42.322  INFO 20684 --- [http-nio-8080-exec-1] o.s.web.servlet.DispatcherServlet        : Completed initialization in 15 ms
2021-09-26 09:59:15.273  INFO 19800 --- [main] c.t.n.s.SpringBootSecurityJwtApplication : Starting SpringBootSecurityJwtApplication on LAPTOP-ESCSDSCQ with PID 19800 (C:\Users\ravi.gour\GitYV\ncc-portal\target\classes started by ravi.gour in C:\Users\ravi.gour\GitYV\ncc-portal)
2021-09-26 09:59:15.298  INFO 19800 --- [main] c.t.n.s.SpringBootSecurityJwtApplication : No active profile set, falling back to default profiles: default
2021-09-26 09:59:21.472  INFO 19800 --- [main] .s.d.r.c.RepositoryConfigurationDelegate : Bootstrapping Spring Data repositories in DEFAULT mode.
2021-09-26 09:59:21.915  INFO 19800 --- [main] .s.d.r.c.RepositoryConfigurationDelegate : Finished Spring Data repository scanning in 417ms. Found 2 repository interfaces.
2021-09-26 09:59:24.298  INFO 19800 --- [main] trationDelegate$BeanPostProcessorChecker : Bean 'org.springframework.transaction.annotation.ProxyTransactionManagementConfiguration' of type [org.springframework.transaction.annotation.ProxyTransactionManagementConfiguration$$EnhancerBySpringCGLIB$$668be4f] is not eligible for getting processed by all BeanPostProcessors (for example: not eligible for auto-proxying)
2021-09-26 09:59:26.330  INFO 19800 --- [main] o.s.b.w.embedded.tomcat.TomcatWebServer  : Tomcat initialized with port(s): 8080 (http)
2021-09-26 09:59:26.437  INFO 19800 --- [main] o.apache.catalina.core.StandardService   : Starting service [Tomcat]
2021-09-26 09:59:26.438  INFO 19800 --- [main] org.apache.catalina.core.StandardEngine  : Starting Servlet engine: [Apache Tomcat/9.0.24]
2021-09-26 09:59:26.892  INFO 19800 --- [main] o.a.c.c.C.[.[localhost].[/nccportal]     : Initializing Spring embedded WebApplicationContext
2021-09-26 09:59:26.893  INFO 19800 --- [main] o.s.web.context.ContextLoader            : Root WebApplicationContext: initialization completed in 11162 ms
2021-09-26 09:59:28.645  INFO 19800 --- [main] com.zaxxer.hikari.HikariDataSource       : HikariPool-1 - Starting...
2021-09-26 09:59:32.519  INFO 19800 --- [main] com.zaxxer.hikari.HikariDataSource       : HikariPool-1 - Start completed.
2021-09-26 10:00:30.570  INFO 4460 --- [main] c.t.n.s.SpringBootSecurityJwtApplication : Starting SpringBootSecurityJwtApplication on LAPTOP-ESCSDSCQ with PID 4460 (C:\Users\ravi.gour\GitYV\ncc-portal\target\classes started by ravi.gour in C:\Users\ravi.gour\GitYV\ncc-portal)
2021-09-26 10:00:30.578  INFO 4460 --- [main] c.t.n.s.SpringBootSecurityJwtApplication : No active profile set, falling back to default profiles: default
2021-09-26 10:00:35.293  INFO 4460 --- [main] .s.d.r.c.RepositoryConfigurationDelegate : Bootstrapping Spring Data repositories in DEFAULT mode.
2021-09-26 10:00:35.445  INFO 4460 --- [main] .s.d.r.c.RepositoryConfigurationDelegate : Finished Spring Data repository scanning in 135ms. Found 2 repository interfaces.
2021-09-26 10:00:36.336  INFO 4460 --- [main] trationDelegate$BeanPostProcessorChecker : Bean 'org.springframework.transaction.annotation.ProxyTransactionManagementConfiguration' of type [org.springframework.transaction.annotation.ProxyTransactionManagementConfiguration$$EnhancerBySpringCGLIB$$b09ed5bf] is not eligible for getting processed by all BeanPostProcessors (for example: not eligible for auto-proxying)
2021-09-26 10:00:37.210  INFO 4460 --- [main] o.s.b.w.embedded.tomcat.TomcatWebServer  : Tomcat initialized with port(s): 8080 (http)
2021-09-26 10:00:37.263  INFO 4460 --- [main] o.apache.catalina.core.StandardService   : Starting service [Tomcat]
2021-09-26 10:00:37.264  INFO 4460 --- [main] org.apache.catalina.core.StandardEngine  : Starting Servlet engine: [Apache Tomcat/9.0.24]
2021-09-26 10:00:37.684  INFO 4460 --- [main] o.a.c.c.C.[.[localhost].[/nccportal]     : Initializing Spring embedded WebApplicationContext
2021-09-26 10:00:37.684  INFO 4460 --- [main] o.s.web.context.ContextLoader            : Root WebApplicationContext: initialization completed in 6948 ms
2021-09-26 10:00:38.654  INFO 4460 --- [main] com.zaxxer.hikari.HikariDataSource       : HikariPool-1 - Starting...
2021-09-26 10:00:42.075  INFO 4460 --- [main] com.zaxxer.hikari.HikariDataSource       : HikariPool-1 - Start completed.
2021-09-26 10:00:55.109  INFO 4460 --- [main] j.LocalContainerEntityManagerFactoryBean : Initialized JPA EntityManagerFactory for persistence unit 'default'
2021-09-26 10:00:57.088  WARN 4460 --- [main] aWebConfiguration$JpaWebMvcConfiguration : spring.jpa.open-in-view is enabled by default. Therefore, database queries may be performed during view rendering. Explicitly configure spring.jpa.open-in-view to disable this warning
2021-09-26 10:00:57.407  INFO 4460 --- [main] o.s.b.a.e.web.EndpointLinksResolver      : Exposing 8 endpoint(s) beneath base path '/actuator'
2021-09-26 10:00:57.604  INFO 4460 --- [main] pertySourcedRequestMappingHandlerMapping : Mapped URL path [/v2/api-docs] onto method [public org.springframework.http.ResponseEntity<springfox.documentation.spring.web.json.Json> springfox.documentation.swagger2.web.Swagger2Controller.getDocumentation(java.lang.String,javax.servlet.http.HttpServletRequest)]
2021-09-26 10:00:57.917  INFO 4460 --- [main] o.s.s.concurrent.ThreadPoolTaskExecutor  : Initializing ExecutorService 'applicationTaskExecutor'
2021-09-26 10:00:58.489  INFO 4460 --- [main] d.s.w.p.DocumentationPluginsBootstrapper : Context refreshed
2021-09-26 10:00:58.552  INFO 4460 --- [main] d.s.w.p.DocumentationPluginsBootstrapper : Found 1 custom documentation plugin(s)
2021-09-26 10:00:58.652  INFO 4460 --- [main] s.d.s.w.s.ApiListingReferenceScanner     : Scanning for api listing references
2021-09-26 10:00:59.082 ERROR 4460 --- [main] org.apache.catalina.util.LifecycleBase   : Failed to start component [Connector[HTTP/1.1-8080]]

org.apache.catalina.LifecycleException: Protocol handler start failed
	at org.apache.catalina.connector.Connector.startInternal(Connector.java:1008) ~[tomcat-embed-core-9.0.24.jar:9.0.24]
	at org.apache.catalina.util.LifecycleBase.start(LifecycleBase.java:183) ~[tomcat-embed-core-9.0.24.jar:9.0.24]
	at org.apache.catalina.core.StandardService.addConnector(StandardService.java:227) [tomcat-embed-core-9.0.24.jar:9.0.24]
	at org.springframework.boot.web.embedded.tomcat.TomcatWebServer.addPreviouslyRemovedConnectors(TomcatWebServer.java:263) [spring-boot-2.1.8.RELEASE.jar:2.1.8.RELEASE]
	at org.springframework.boot.web.embedded.tomcat.TomcatWebServer.start(TomcatWebServer.java:195) [spring-boot-2.1.8.RELEASE.jar:2.1.8.RELEASE]
	at org.springframework.boot.web.servlet.context.ServletWebServerApplicationContext.startWebServer(ServletWebServerApplicationContext.java:297) [spring-boot-2.1.8.RELEASE.jar:2.1.8.RELEASE]
	at org.springframework.boot.web.servlet.context.ServletWebServerApplicationContext.finishRefresh(ServletWebServerApplicationContext.java:163) [spring-boot-2.1.8.RELEASE.jar:2.1.8.RELEASE]
	at org.springframework.context.support.AbstractApplicationContext.refresh(AbstractApplicationContext.java:552) [spring-context-5.1.9.RELEASE.jar:5.1.9.RELEASE]
	at org.springframework.boot.web.servlet.context.ServletWebServerApplicationContext.refresh(ServletWebServerApplicationContext.java:141) [spring-boot-2.1.8.RELEASE.jar:2.1.8.RELEASE]
	at org.springframework.boot.SpringApplication.refresh(SpringApplication.java:744) [spring-boot-2.1.8.RELEASE.jar:2.1.8.RELEASE]
	at org.springframework.boot.SpringApplication.refreshContext(SpringApplication.java:391) [spring-boot-2.1.8.RELEASE.jar:2.1.8.RELEASE]
	at org.springframework.boot.SpringApplication.run(SpringApplication.java:312) [spring-boot-2.1.8.RELEASE.jar:2.1.8.RELEASE]
	at org.springframework.boot.SpringApplication.run(SpringApplication.java:1215) [spring-boot-2.1.8.RELEASE.jar:2.1.8.RELEASE]
	at org.springframework.boot.SpringApplication.run(SpringApplication.java:1204) [spring-boot-2.1.8.RELEASE.jar:2.1.8.RELEASE]
	at com.tyv.ncc.springjwt.SpringBootSecurityJwtApplication.main(SpringBootSecurityJwtApplication.java:21) [classes/:na]
Caused by: java.net.BindException: Address already in use: bind
	at sun.nio.ch.Net.bind0(Native Method) ~[na:1.8.0_231]
	at sun.nio.ch.Net.bind(Net.java:433) ~[na:1.8.0_231]
	at sun.nio.ch.Net.bind(Net.java:425) ~[na:1.8.0_231]
	at sun.nio.ch.ServerSocketChannelImpl.bind(ServerSocketChannelImpl.java:223) ~[na:1.8.0_231]
	at sun.nio.ch.ServerSocketAdaptor.bind(ServerSocketAdaptor.java:74) ~[na:1.8.0_231]
	at org.apache.tomcat.util.net.NioEndpoint.initServerSocket(NioEndpoint.java:230) ~[tomcat-embed-core-9.0.24.jar:9.0.24]
	at org.apache.tomcat.util.net.NioEndpoint.bind(NioEndpoint.java:213) ~[tomcat-embed-core-9.0.24.jar:9.0.24]
	at org.apache.tomcat.util.net.AbstractEndpoint.bindWithCleanup(AbstractEndpoint.java:1124) ~[tomcat-embed-core-9.0.24.jar:9.0.24]
	at org.apache.tomcat.util.net.AbstractEndpoint.start(AbstractEndpoint.java:1210) ~[tomcat-embed-core-9.0.24.jar:9.0.24]
	at org.apache.coyote.AbstractProtocol.start(AbstractProtocol.java:585) ~[tomcat-embed-core-9.0.24.jar:9.0.24]
	at org.apache.catalina.connector.Connector.startInternal(Connector.java:1005) ~[tomcat-embed-core-9.0.24.jar:9.0.24]
	... 14 common frames omitted

2021-09-26 10:00:59.095  INFO 4460 --- [main] o.apache.catalina.core.StandardService   : Stopping service [Tomcat]
2021-09-26 10:00:59.114  INFO 4460 --- [main] ConditionEvaluationReportLoggingListener : 

Error starting ApplicationContext. To display the conditions report re-run your application with 'debug' enabled.
2021-09-26 10:00:59.117 ERROR 4460 --- [main] o.s.b.d.LoggingFailureAnalysisReporter   : 

***************************
APPLICATION FAILED TO START
***************************

Description:

The Tomcat connector configured to listen on port 8080 failed to start. The port may already be in use or the connector may be misconfigured.

Action:

Verify the connector's configuration, identify and stop any process that's listening on port 8080, or configure this application to listen on another port.

2021-09-26 10:00:59.125  INFO 4460 --- [main] o.s.s.concurrent.ThreadPoolTaskExecutor  : Shutting down ExecutorService 'applicationTaskExecutor'
2021-09-26 10:00:59.131  INFO 4460 --- [main] j.LocalContainerEntityManagerFactoryBean : Closing JPA EntityManagerFactory for persistence unit 'default'
2021-09-26 10:00:59.134  INFO 4460 --- [main] com.zaxxer.hikari.HikariDataSource       : HikariPool-1 - Shutdown initiated...
2021-09-26 10:01:00.016  INFO 4460 --- [main] com.zaxxer.hikari.HikariDataSource       : HikariPool-1 - Shutdown completed.
2021-09-26 10:01:23.491  INFO 2152 --- [main] c.t.n.s.SpringBootSecurityJwtApplication : Starting SpringBootSecurityJwtApplication on LAPTOP-ESCSDSCQ with PID 2152 (C:\Users\ravi.gour\GitYV\ncc-portal\target\classes started by ravi.gour in C:\Users\ravi.gour\GitYV\ncc-portal)
2021-09-26 10:01:23.497  INFO 2152 --- [main] c.t.n.s.SpringBootSecurityJwtApplication : No active profile set, falling back to default profiles: default
2021-09-26 10:01:26.785  INFO 2152 --- [main] .s.d.r.c.RepositoryConfigurationDelegate : Bootstrapping Spring Data repositories in DEFAULT mode.
2021-09-26 10:01:26.961  INFO 2152 --- [main] .s.d.r.c.RepositoryConfigurationDelegate : Finished Spring Data repository scanning in 161ms. Found 2 repository interfaces.
2021-09-26 10:01:27.892  INFO 2152 --- [main] trationDelegate$BeanPostProcessorChecker : Bean 'org.springframework.transaction.annotation.ProxyTransactionManagementConfiguration' of type [org.springframework.transaction.annotation.ProxyTransactionManagementConfiguration$$EnhancerBySpringCGLIB$$7326c3e5] is not eligible for getting processed by all BeanPostProcessors (for example: not eligible for auto-proxying)
2021-09-26 10:01:28.898  INFO 2152 --- [main] o.s.b.w.embedded.tomcat.TomcatWebServer  : Tomcat initialized with port(s): 8080 (http)
2021-09-26 10:01:28.975  INFO 2152 --- [main] o.apache.catalina.core.StandardService   : Starting service [Tomcat]
2021-09-26 10:01:28.976  INFO 2152 --- [main] org.apache.catalina.core.StandardEngine  : Starting Servlet engine: [Apache Tomcat/9.0.24]
2021-09-26 10:01:29.469  INFO 2152 --- [main] o.a.c.c.C.[.[localhost].[/nccportal]     : Initializing Spring embedded WebApplicationContext
2021-09-26 10:01:29.470  INFO 2152 --- [main] o.s.web.context.ContextLoader            : Root WebApplicationContext: initialization completed in 5839 ms
2021-09-26 10:01:30.526  INFO 2152 --- [main] com.zaxxer.hikari.HikariDataSource       : HikariPool-1 - Starting...
2021-09-26 10:01:34.063  INFO 2152 --- [main] com.zaxxer.hikari.HikariDataSource       : HikariPool-1 - Start completed.
2021-09-26 10:01:47.267  INFO 2152 --- [main] j.LocalContainerEntityManagerFactoryBean : Initialized JPA EntityManagerFactory for persistence unit 'default'
2021-09-26 10:01:49.203  WARN 2152 --- [main] aWebConfiguration$JpaWebMvcConfiguration : spring.jpa.open-in-view is enabled by default. Therefore, database queries may be performed during view rendering. Explicitly configure spring.jpa.open-in-view to disable this warning
2021-09-26 10:01:49.500  INFO 2152 --- [main] o.s.b.a.e.web.EndpointLinksResolver      : Exposing 8 endpoint(s) beneath base path '/actuator'
2021-09-26 10:01:49.730  INFO 2152 --- [main] pertySourcedRequestMappingHandlerMapping : Mapped URL path [/v2/api-docs] onto method [public org.springframework.http.ResponseEntity<springfox.documentation.spring.web.json.Json> springfox.documentation.swagger2.web.Swagger2Controller.getDocumentation(java.lang.String,javax.servlet.http.HttpServletRequest)]
2021-09-26 10:01:50.268  INFO 2152 --- [main] o.s.s.concurrent.ThreadPoolTaskExecutor  : Initializing ExecutorService 'applicationTaskExecutor'
2021-09-26 10:01:50.976  INFO 2152 --- [main] d.s.w.p.DocumentationPluginsBootstrapper : Context refreshed
2021-09-26 10:01:51.248  INFO 2152 --- [main] d.s.w.p.DocumentationPluginsBootstrapper : Found 1 custom documentation plugin(s)
2021-09-26 10:01:51.406  INFO 2152 --- [main] s.d.s.w.s.ApiListingReferenceScanner     : Scanning for api listing references
2021-09-26 10:01:52.045  INFO 2152 --- [main] o.s.b.w.embedded.tomcat.TomcatWebServer  : Tomcat started on port(s): 8080 (http) with context path '/nccportal'
2021-09-26 10:01:52.052  INFO 2152 --- [main] c.t.n.s.SpringBootSecurityJwtApplication : Started SpringBootSecurityJwtApplication in 29.451 seconds (JVM running for 30.268)
2021-09-26 10:02:03.467  INFO 2152 --- [http-nio-8080-exec-10] o.a.c.c.C.[.[localhost].[/nccportal]     : Initializing Spring DispatcherServlet 'dispatcherServlet'
2021-09-26 10:02:03.468  INFO 2152 --- [http-nio-8080-exec-10] o.s.web.servlet.DispatcherServlet        : Initializing Servlet 'dispatcherServlet'
2021-09-26 10:02:03.492  INFO 2152 --- [http-nio-8080-exec-10] o.s.web.servlet.DispatcherServlet        : Completed initialization in 23 ms
2021-09-26 10:03:06.011  INFO 20380 --- [main] c.t.n.s.SpringBootSecurityJwtApplication : Starting SpringBootSecurityJwtApplication on LAPTOP-ESCSDSCQ with PID 20380 (C:\Users\ravi.gour\GitYV\ncc-portal\target\classes started by ravi.gour in C:\Users\ravi.gour\GitYV\ncc-portal)
2021-09-26 10:03:06.018  INFO 20380 --- [main] c.t.n.s.SpringBootSecurityJwtApplication : No active profile set, falling back to default profiles: default
2021-09-26 10:03:08.849  INFO 20380 --- [main] .s.d.r.c.RepositoryConfigurationDelegate : Bootstrapping Spring Data repositories in DEFAULT mode.
2021-09-26 10:03:09.019  INFO 20380 --- [main] .s.d.r.c.RepositoryConfigurationDelegate : Finished Spring Data repository scanning in 153ms. Found 2 repository interfaces.
2021-09-26 10:03:10.055  INFO 20380 --- [main] trationDelegate$BeanPostProcessorChecker : Bean 'org.springframework.transaction.annotation.ProxyTransactionManagementConfiguration' of type [org.springframework.transaction.annotation.ProxyTransactionManagementConfiguration$$EnhancerBySpringCGLIB$$a7f3771e] is not eligible for getting processed by all BeanPostProcessors (for example: not eligible for auto-proxying)
2021-09-26 10:03:11.102  INFO 20380 --- [main] o.s.b.w.embedded.tomcat.TomcatWebServer  : Tomcat initialized with port(s): 8080 (http)
2021-09-26 10:03:11.204  INFO 20380 --- [main] o.apache.catalina.core.StandardService   : Starting service [Tomcat]
2021-09-26 10:03:11.208  INFO 20380 --- [main] org.apache.catalina.core.StandardEngine  : Starting Servlet engine: [Apache Tomcat/9.0.24]
2021-09-26 10:03:11.947  INFO 20380 --- [main] o.a.c.c.C.[.[localhost].[/nccportal]     : Initializing Spring embedded WebApplicationContext
2021-09-26 10:03:11.948  INFO 20380 --- [main] o.s.web.context.ContextLoader            : Root WebApplicationContext: initialization completed in 5777 ms
2021-09-26 10:03:13.005  INFO 20380 --- [main] com.zaxxer.hikari.HikariDataSource       : HikariPool-1 - Starting...
2021-09-26 10:03:16.210  INFO 20380 --- [main] com.zaxxer.hikari.HikariDataSource       : HikariPool-1 - Start completed.
2021-09-26 10:03:29.674  INFO 20380 --- [main] j.LocalContainerEntityManagerFactoryBean : Initialized JPA EntityManagerFactory for persistence unit 'default'
2021-09-26 10:03:31.057  WARN 20380 --- [main] aWebConfiguration$JpaWebMvcConfiguration : spring.jpa.open-in-view is enabled by default. Therefore, database queries may be performed during view rendering. Explicitly configure spring.jpa.open-in-view to disable this warning
2021-09-26 10:03:31.332  INFO 20380 --- [main] o.s.b.a.e.web.EndpointLinksResolver      : Exposing 8 endpoint(s) beneath base path '/actuator'
2021-09-26 10:03:31.533  INFO 20380 --- [main] pertySourcedRequestMappingHandlerMapping : Mapped URL path [/v2/api-docs] onto method [public org.springframework.http.ResponseEntity<springfox.documentation.spring.web.json.Json> springfox.documentation.swagger2.web.Swagger2Controller.getDocumentation(java.lang.String,javax.servlet.http.HttpServletRequest)]
2021-09-26 10:03:31.827  INFO 20380 --- [main] o.s.s.concurrent.ThreadPoolTaskExecutor  : Initializing ExecutorService 'applicationTaskExecutor'
2021-09-26 10:03:32.371  INFO 20380 --- [main] d.s.w.p.DocumentationPluginsBootstrapper : Context refreshed
2021-09-26 10:03:32.436  INFO 20380 --- [main] d.s.w.p.DocumentationPluginsBootstrapper : Found 1 custom documentation plugin(s)
2021-09-26 10:03:32.521  INFO 20380 --- [main] s.d.s.w.s.ApiListingReferenceScanner     : Scanning for api listing references
2021-09-26 10:03:32.858  INFO 20380 --- [main] o.s.b.w.embedded.tomcat.TomcatWebServer  : Tomcat started on port(s): 8080 (http) with context path '/nccportal'
2021-09-26 10:03:32.860  INFO 20380 --- [main] c.t.n.s.SpringBootSecurityJwtApplication : Started SpringBootSecurityJwtApplication in 28.126 seconds (JVM running for 28.908)
2021-09-26 10:03:47.033  INFO 20380 --- [http-nio-8080-exec-1] o.a.c.c.C.[.[localhost].[/nccportal]     : Initializing Spring DispatcherServlet 'dispatcherServlet'
2021-09-26 10:03:47.034  INFO 20380 --- [http-nio-8080-exec-1] o.s.web.servlet.DispatcherServlet        : Initializing Servlet 'dispatcherServlet'
2021-09-26 10:03:47.064  INFO 20380 --- [http-nio-8080-exec-1] o.s.web.servlet.DispatcherServlet        : Completed initialization in 29 ms
2021-09-26 10:07:37.033  INFO 22504 --- [main] c.t.n.s.SpringBootSecurityJwtApplication : Starting SpringBootSecurityJwtApplication on LAPTOP-ESCSDSCQ with PID 22504 (C:\Users\ravi.gour\GitYV\ncc-portal\target\classes started by ravi.gour in C:\Users\ravi.gour\GitYV\ncc-portal)
2021-09-26 10:07:37.041  INFO 22504 --- [main] c.t.n.s.SpringBootSecurityJwtApplication : No active profile set, falling back to default profiles: default
2021-09-26 10:07:40.321  INFO 22504 --- [main] .s.d.r.c.RepositoryConfigurationDelegate : Bootstrapping Spring Data repositories in DEFAULT mode.
2021-09-26 10:07:40.506  INFO 22504 --- [main] .s.d.r.c.RepositoryConfigurationDelegate : Finished Spring Data repository scanning in 161ms. Found 2 repository interfaces.
2021-09-26 10:07:41.371  INFO 22504 --- [main] trationDelegate$BeanPostProcessorChecker : Bean 'org.springframework.transaction.annotation.ProxyTransactionManagementConfiguration' of type [org.springframework.transaction.annotation.ProxyTransactionManagementConfiguration$$EnhancerBySpringCGLIB$$1a6b0a36] is not eligible for getting processed by all BeanPostProcessors (for example: not eligible for auto-proxying)
2021-09-26 10:07:42.460  INFO 22504 --- [main] o.s.b.w.embedded.tomcat.TomcatWebServer  : Tomcat initialized with port(s): 8080 (http)
2021-09-26 10:07:42.518  INFO 22504 --- [main] o.apache.catalina.core.StandardService   : Starting service [Tomcat]
2021-09-26 10:07:42.520  INFO 22504 --- [main] org.apache.catalina.core.StandardEngine  : Starting Servlet engine: [Apache Tomcat/9.0.24]
2021-09-26 10:07:43.005  INFO 22504 --- [main] o.a.c.c.C.[.[localhost].[/nccportal]     : Initializing Spring embedded WebApplicationContext
2021-09-26 10:07:43.005  INFO 22504 --- [main] o.s.web.context.ContextLoader            : Root WebApplicationContext: initialization completed in 5846 ms
2021-09-26 10:07:44.230  INFO 22504 --- [main] com.zaxxer.hikari.HikariDataSource       : HikariPool-1 - Starting...
2021-09-26 10:07:47.804  INFO 22504 --- [main] com.zaxxer.hikari.HikariDataSource       : HikariPool-1 - Start completed.
2021-09-26 10:08:02.703  INFO 22504 --- [main] j.LocalContainerEntityManagerFactoryBean : Initialized JPA EntityManagerFactory for persistence unit 'default'
2021-09-26 10:08:04.171  WARN 22504 --- [main] aWebConfiguration$JpaWebMvcConfiguration : spring.jpa.open-in-view is enabled by default. Therefore, database queries may be performed during view rendering. Explicitly configure spring.jpa.open-in-view to disable this warning
2021-09-26 10:08:04.500  INFO 22504 --- [main] o.s.b.a.e.web.EndpointLinksResolver      : Exposing 8 endpoint(s) beneath base path '/actuator'
2021-09-26 10:08:04.740  INFO 22504 --- [main] pertySourcedRequestMappingHandlerMapping : Mapped URL path [/v2/api-docs] onto method [public org.springframework.http.ResponseEntity<springfox.documentation.spring.web.json.Json> springfox.documentation.swagger2.web.Swagger2Controller.getDocumentation(java.lang.String,javax.servlet.http.HttpServletRequest)]
2021-09-26 10:08:05.031  INFO 22504 --- [main] o.s.s.concurrent.ThreadPoolTaskExecutor  : Initializing ExecutorService 'applicationTaskExecutor'
2021-09-26 10:08:05.736  INFO 22504 --- [main] d.s.w.p.DocumentationPluginsBootstrapper : Context refreshed
2021-09-26 10:08:05.812  INFO 22504 --- [main] d.s.w.p.DocumentationPluginsBootstrapper : Found 1 custom documentation plugin(s)
2021-09-26 10:08:05.918  INFO 22504 --- [main] s.d.s.w.s.ApiListingReferenceScanner     : Scanning for api listing references
2021-09-26 10:08:06.328  INFO 22504 --- [main] o.s.b.w.embedded.tomcat.TomcatWebServer  : Tomcat started on port(s): 8080 (http) with context path '/nccportal'
2021-09-26 10:08:06.331  INFO 22504 --- [main] c.t.n.s.SpringBootSecurityJwtApplication : Started SpringBootSecurityJwtApplication in 30.194 seconds (JVM running for 31.044)
2021-09-26 10:08:12.093  INFO 22504 --- [http-nio-8080-exec-1] o.a.c.c.C.[.[localhost].[/nccportal]     : Initializing Spring DispatcherServlet 'dispatcherServlet'
2021-09-26 10:08:12.093  INFO 22504 --- [http-nio-8080-exec-1] o.s.web.servlet.DispatcherServlet        : Initializing Servlet 'dispatcherServlet'
2021-09-26 10:08:12.109  INFO 22504 --- [http-nio-8080-exec-1] o.s.web.servlet.DispatcherServlet        : Completed initialization in 15 ms
